alerts
asset_barcodes
audit_logs
client_audit_timeline
client_categories
client_category_assignments
client_comments
client_documents
client_price_history
client_relationships
client_status_history
clients
contact_submissions
deliveries
delivery_items
delivery_receipt_items
delivery_receipts
departments
departments_location
documents
footer_settings
header_settings
homepage_settings
inventory
maintenance_history
maintenance_schedules
page_views
parts
parts_printers
parts_suppliers
price_history
printer_assignment_history
printer_assignments
printer_documents
printer_history
printer_status
printer_units
printer_visibility
printers
product_clients
product_printers
product_set_items
product_sets
product_suppliers
products
purchase_order_items
purchase_orders
revision_history
sales_order_items
sales_orders
service_reports
supplier_contacts
supplier_notes
suppliers
support_ticket_drafts
support_tickets
transaction_records
usage_logs
user_roles
alerts
client_audit_timeline
client_category_assignments
client_comments
client_documents
client_price_history
client_relationships
client_status_history
deliveries
delivery_items
delivery_receipt_items
delivery_receipts
departments
departments_location
inventory
maintenance_history
maintenance_schedules
parts_printers
parts_suppliers
price_history
printer_assignment_history
printer_assignments
printer_documents
printer_history
printer_status
printer_units
printer_visibility
printers
product_clients
product_printers
product_set_items
product_suppliers
purchase_order_items
purchase_orders
sales_order_items
sales_orders
service_reports
supplier_contacts
supplier_notes
support_ticket_drafts
support_tickets
transaction_records
usage_logs
alerts
client_price_history
deliveries
delivery_items
delivery_receipt_items
departments_location
inventory
maintenance_history
maintenance_schedules
parts_printers
price_history
printer_assignment_history
printer_assignments
printer_documents
printer_history
printer_status
printer_units
printer_visibility
product_printers
purchase_order_items
sales_order_items
support_tickets
transaction_records
usage_logs
delivery_items
inventory
maintenance_history
printer_assignment_history
printer_assignments
printer_status
transaction_records
usage_logs
maintenance_history
printer_assignment_history
printer_status
usage_logs
